<?xml version="1.0" encoding="UTF-8"?>
<!-- Generated by org.testng.reporters.JUnitReportReporter -->
<testsuite skipped="0" hostname="DESKTOP-NVCUVC3" name="tests.Web_Fab_specs" tests="1" failures="0" timestamp="19 Aug 2017 17:21:32 GMT" time="39.119" errors="0">
  <testcase name="validateDeepLink" time="39.119" classname="tests.Web_Fab_specs"/>
</testsuite> <!-- tests.Web_Fab_specs -->
