<?xml version="1.0" encoding="UTF-8"?>
<!-- Generated by org.testng.reporters.JUnitReportReporter -->
<testsuite skipped="0" hostname="DESKTOP-NVCUVC3" name="tests.Web_Fab_specs" tests="1" failures="0" timestamp="19 Aug 2017 23:18:16 GMT" time="50.886" errors="0">
  <testcase name="validateDeepLink" time="50.886" classname="tests.Web_Fab_specs"/>
</testsuite> <!-- tests.Web_Fab_specs -->
