<?xml version="1.0" encoding="UTF-8"?>
<!-- Generated by org.testng.reporters.JUnitReportReporter -->
<testsuite skipped="3" hostname="DESKTOP-NVCUVC3" name="tests.Native_Fab_specs" tests="4" failures="0" timestamp="27 Aug 2017 18:04:59 GMT" time="30.076" errors="1">
  <testcase name="verifyContactNumber" time="30.076" classname="tests.Native_Fab_specs">
    <error type="java.lang.NullPointerException">
      <![CDATA[java.lang.NullPointerException
	at org.openqa.selenium.support.ui.ExpectedConditions.elementIfVisible(ExpectedConditions.java:302)
	at org.openqa.selenium.support.ui.ExpectedConditions.access$100(ExpectedConditions.java:44)
	at org.openqa.selenium.support.ui.ExpectedConditions$10.apply(ExpectedConditions.java:288)
	at org.openqa.selenium.support.ui.ExpectedConditions$10.apply(ExpectedConditions.java:285)
	at org.openqa.selenium.support.ui.ExpectedConditions$23.apply(ExpectedConditions.java:673)
	at org.openqa.selenium.support.ui.ExpectedConditions$23.apply(ExpectedConditions.java:669)
	at org.openqa.selenium.support.ui.FluentWait.until(FluentWait.java:209)
	at pages.HomeScreen.homePage(HomeScreen.java:16)
	at pages.HomeScreen.viewCutomerCareNum(HomeScreen.java:29)
	at tests.Native_Fab_specs.verifyContactNumber(Native_Fab_specs.java:72)
	at sun.reflect.NativeMethodAccessorImpl.invoke0(Native Method)
	at sun.reflect.NativeMethodAccessorImpl.invoke(Unknown Source)
	at sun.reflect.DelegatingMethodAccessorImpl.invoke(Unknown Source)
	at java.lang.reflect.Method.invoke(Unknown Source)
	at org.testng.internal.MethodInvocationHelper.invokeMethod(MethodInvocationHelper.java:108)
	at org.testng.internal.InvokeMethodRunnable.runOne(InvokeMethodRunnable.java:54)
	at org.testng.internal.InvokeMethodRunnable.run(InvokeMethodRunnable.java:44)
	at java.util.concurrent.Executors$RunnableAdapter.call(Unknown Source)
	at java.util.concurrent.FutureTask.run(Unknown Source)
	at java.util.concurrent.ThreadPoolExecutor.runWorker(Unknown Source)
	at java.util.concurrent.ThreadPoolExecutor$Worker.run(Unknown Source)
	at java.lang.Thread.run(Unknown Source)
]]>
    </error>
  </testcase> <!-- verifyContactNumber -->
  <testcase name="countLocalitiesAndHotels" classname="tests.Native_Fab_specs">
    <skipped/>
  </testcase> <!-- countLocalitiesAndHotels -->
  <testcase name="verifyCoupon" classname="tests.Native_Fab_specs">
    <skipped/>
  </testcase> <!-- verifyCoupon -->
  <testcase name="SearchFormScreenCount" classname="tests.Native_Fab_specs">
    <skipped/>
  </testcase> <!-- SearchFormScreenCount -->
</testsuite> <!-- tests.Native_Fab_specs -->
