<?xml version="1.0" encoding="UTF-8"?>
<!-- Generated by org.testng.reporters.JUnitReportReporter -->
<testsuite skipped="0" hostname="DESKTOP-NVCUVC3" name="tests.Web_Fab_specs" tests="1" failures="0" timestamp="27 Aug 2017 18:04:59 GMT" time="60.340" errors="0">
  <testcase name="validateDeepLink" time="60.340" classname="tests.Web_Fab_specs"/>
</testsuite> <!-- tests.Web_Fab_specs -->
